Created by PLY version 3.11 (http://www.dabeaz.com/ply)

Grammar

Rule 0     S' -> expression
Rule 1     expression -> expression PLUS expression
Rule 2     expression -> expression MINUS expression
Rule 3     expression -> expression TIMES expression
Rule 4     expression -> expression DIVIDE expression
Rule 5     expression -> MINUS expression
Rule 6     expression -> LPAREN expression RPAREN
Rule 7     expression -> NUMBER
Rule 8     expression -> expression EXPONENT expression
Rule 9     expression -> expression MOD expression
Rule 10    expression -> SQRT LPAREN expression RPAREN

Terminals, with rules where they appear

DIVIDE               : 4
EXPONENT             : 8
LPAREN               : 6 10
MINUS                : 2 5
MOD                  : 9
NUMBER               : 7
PLUS                 : 1
RPAREN               : 6 10
SQRT                 : 10
TIMES                : 3
error                : 

Nonterminals, with rules where they appear

expression           : 1 1 2 2 3 3 4 4 5 6 8 8 9 9 10 0

Parsing method: LALR

state 0

    (0) S' -> . expression
    (1) expression -> . expression PLUS expression
    (2) expression -> . expression MINUS expression
    (3) expression -> . expression TIMES expression
    (4) expression -> . expression DIVIDE expression
    (5) expression -> . MINUS expression
    (6) expression -> . LPAREN expression RPAREN
    (7) expression -> . NUMBER
    (8) expression -> . expression EXPONENT expression
    (9) expression -> . expression MOD expression
    (10) expression -> . SQRT LPAREN expression RPAREN

    MINUS           shift and go to state 2
    LPAREN          shift and go to state 3
    NUMBER          shift and go to state 4
    SQRT            shift and go to state 5

    expression                     shift and go to state 1

state 1

    (0) S' -> expression .
    (1) expression -> expression . PLUS expression
    (2) expression -> expression . MINUS expression
    (3) expression -> expression . TIMES expression
    (4) expression -> expression . DIVIDE expression
    (8) expression -> expression . EXPONENT expression
    (9) expression -> expression . MOD expression

    PLUS            shift and go to state 6
    MINUS           shift and go to state 7
    TIMES           shift and go to state 8
    DIVIDE          shift and go to state 9
    EXPONENT        shift and go to state 10
    MOD             shift and go to state 11


state 2

    (5) expression -> MINUS . expression
    (1) expression -> . expression PLUS expression
    (2) expression -> . expression MINUS expression
    (3) expression -> . expression TIMES expression
    (4) expression -> . expression DIVIDE expression
    (5) expression -> . MINUS expression
    (6) expression -> . LPAREN expression RPAREN
    (7) expression -> . NUMBER
    (8) expression -> . expression EXPONENT expression
    (9) expression -> . expression MOD expression
    (10) expression -> . SQRT LPAREN expression RPAREN

    MINUS           shift and go to state 2
    LPAREN          shift and go to state 3
    NUMBER          shift and go to state 4
    SQRT            shift and go to state 5

    expression                     shift and go to state 12

state 3

    (6) expression -> LPAREN . expression RPAREN
    (1) expression -> . expression PLUS expression
    (2) expression -> . expression MINUS expression
    (3) expression -> . expression TIMES expression
    (4) expression -> . expression DIVIDE expression
    (5) expression -> . MINUS expression
    (6) expression -> . LPAREN expression RPAREN
    (7) expression -> . NUMBER
    (8) expression -> . expression EXPONENT expression
    (9) expression -> . expression MOD expression
    (10) expression -> . SQRT LPAREN expression RPAREN

    MINUS           shift and go to state 2
    LPAREN          shift and go to state 3
    NUMBER          shift and go to state 4
    SQRT            shift and go to state 5

    expression                     shift and go to state 13

state 4

    (7) expression -> NUMBER .

    PLUS            reduce using rule 7 (expression -> NUMBER .)
    MINUS           reduce using rule 7 (expression -> NUMBER .)
    TIMES           reduce using rule 7 (expression -> NUMBER .)
    DIVIDE          reduce using rule 7 (expression -> NUMBER .)
    EXPONENT        reduce using rule 7 (expression -> NUMBER .)
    MOD             reduce using rule 7 (expression -> NUMBER .)
    $end            reduce using rule 7 (expression -> NUMBER .)
    RPAREN          reduce using rule 7 (expression -> NUMBER .)


state 5

    (10) expression -> SQRT . LPAREN expression RPAREN

    LPAREN          shift and go to state 14


state 6

    (1) expression -> expression PLUS . expression
    (1) expression -> . expression PLUS expression
    (2) expression -> . expression MINUS expression
    (3) expression -> . expression TIMES expression
    (4) expression -> . expression DIVIDE expression
    (5) expression -> . MINUS expression
    (6) expression -> . LPAREN expression RPAREN
    (7) expression -> . NUMBER
    (8) expression -> . expression EXPONENT expression
    (9) expression -> . expression MOD expression
    (10) expression -> . SQRT LPAREN expression RPAREN

    MINUS           shift and go to state 2
    LPAREN          shift and go to state 3
    NUMBER          shift and go to state 4
    SQRT            shift and go to state 5

    expression                     shift and go to state 15

state 7

    (2) expression -> expression MINUS . expression
    (1) expression -> . expression PLUS expression
    (2) expression -> . expression MINUS expression
    (3) expression -> . expression TIMES expression
    (4) expression -> . expression DIVIDE expression
    (5) expression -> . MINUS expression
    (6) expression -> . LPAREN expression RPAREN
    (7) expression -> . NUMBER
    (8) expression -> . expression EXPONENT expression
    (9) expression -> . expression MOD expression
    (10) expression -> . SQRT LPAREN expression RPAREN

    MINUS           shift and go to state 2
    LPAREN          shift and go to state 3
    NUMBER          shift and go to state 4
    SQRT            shift and go to state 5

    expression                     shift and go to state 16

state 8

    (3) expression -> expression TIMES . expression
    (1) expression -> . expression PLUS expression
    (2) expression -> . expression MINUS expression
    (3) expression -> . expression TIMES expression
    (4) expression -> . expression DIVIDE expression
    (5) expression -> . MINUS expression
    (6) expression -> . LPAREN expression RPAREN
    (7) expression -> . NUMBER
    (8) expression -> . expression EXPONENT expression
    (9) expression -> . expression MOD expression
    (10) expression -> . SQRT LPAREN expression RPAREN

    MINUS           shift and go to state 2
    LPAREN          shift and go to state 3
    NUMBER          shift and go to state 4
    SQRT            shift and go to state 5

    expression                     shift and go to state 17

state 9

    (4) expression -> expression DIVIDE . expression
    (1) expression -> . expression PLUS expression
    (2) expression -> . expression MINUS expression
    (3) expression -> . expression TIMES expression
    (4) expression -> . expression DIVIDE expression
    (5) expression -> . MINUS expression
    (6) expression -> . LPAREN expression RPAREN
    (7) expression -> . NUMBER
    (8) expression -> . expression EXPONENT expression
    (9) expression -> . expression MOD expression
    (10) expression -> . SQRT LPAREN expression RPAREN

    MINUS           shift and go to state 2
    LPAREN          shift and go to state 3
    NUMBER          shift and go to state 4
    SQRT            shift and go to state 5

    expression                     shift and go to state 18

state 10

    (8) expression -> expression EXPONENT . expression
    (1) expression -> . expression PLUS expression
    (2) expression -> . expression MINUS expression
    (3) expression -> . expression TIMES expression
    (4) expression -> . expression DIVIDE expression
    (5) expression -> . MINUS expression
    (6) expression -> . LPAREN expression RPAREN
    (7) expression -> . NUMBER
    (8) expression -> . expression EXPONENT expression
    (9) expression -> . expression MOD expression
    (10) expression -> . SQRT LPAREN expression RPAREN

    MINUS           shift and go to state 2
    LPAREN          shift and go to state 3
    NUMBER          shift and go to state 4
    SQRT            shift and go to state 5

    expression                     shift and go to state 19

state 11

    (9) expression -> expression MOD . expression
    (1) expression -> . expression PLUS expression
    (2) expression -> . expression MINUS expression
    (3) expression -> . expression TIMES expression
    (4) expression -> . expression DIVIDE expression
    (5) expression -> . MINUS expression
    (6) expression -> . LPAREN expression RPAREN
    (7) expression -> . NUMBER
    (8) expression -> . expression EXPONENT expression
    (9) expression -> . expression MOD expression
    (10) expression -> . SQRT LPAREN expression RPAREN

    MINUS           shift and go to state 2
    LPAREN          shift and go to state 3
    NUMBER          shift and go to state 4
    SQRT            shift and go to state 5

    expression                     shift and go to state 20

state 12

    (5) expression -> MINUS expression .
    (1) expression -> expression . PLUS expression
    (2) expression -> expression . MINUS expression
    (3) expression -> expression . TIMES expression
    (4) expression -> expression . DIVIDE expression
    (8) expression -> expression . EXPONENT expression
    (9) expression -> expression . MOD expression

    PLUS            reduce using rule 5 (expression -> MINUS expression .)
    MINUS           reduce using rule 5 (expression -> MINUS expression .)
    TIMES           reduce using rule 5 (expression -> MINUS expression .)
    DIVIDE          reduce using rule 5 (expression -> MINUS expression .)
    $end            reduce using rule 5 (expression -> MINUS expression .)
    RPAREN          reduce using rule 5 (expression -> MINUS expression .)
    EXPONENT        shift and go to state 10
    MOD             shift and go to state 11

  ! EXPONENT        [ reduce using rule 5 (expression -> MINUS expression .) ]
  ! MOD             [ reduce using rule 5 (expression -> MINUS expression .) ]
  ! PLUS            [ shift and go to state 6 ]
  ! MINUS           [ shift and go to state 7 ]
  ! TIMES           [ shift and go to state 8 ]
  ! DIVIDE          [ shift and go to state 9 ]


state 13

    (6) expression -> LPAREN expression . RPAREN
    (1) expression -> expression . PLUS expression
    (2) expression -> expression . MINUS expression
    (3) expression -> expression . TIMES expression
    (4) expression -> expression . DIVIDE expression
    (8) expression -> expression . EXPONENT expression
    (9) expression -> expression . MOD expression

    RPAREN          shift and go to state 21
    PLUS            shift and go to state 6
    MINUS           shift and go to state 7
    TIMES           shift and go to state 8
    DIVIDE          shift and go to state 9
    EXPONENT        shift and go to state 10
    MOD             shift and go to state 11


state 14

    (10) expression -> SQRT LPAREN . expression RPAREN
    (1) expression -> . expression PLUS expression
    (2) expression -> . expression MINUS expression
    (3) expression -> . expression TIMES expression
    (4) expression -> . expression DIVIDE expression
    (5) expression -> . MINUS expression
    (6) expression -> . LPAREN expression RPAREN
    (7) expression -> . NUMBER
    (8) expression -> . expression EXPONENT expression
    (9) expression -> . expression MOD expression
    (10) expression -> . SQRT LPAREN expression RPAREN

    MINUS           shift and go to state 2
    LPAREN          shift and go to state 3
    NUMBER          shift and go to state 4
    SQRT            shift and go to state 5

    expression                     shift and go to state 22

state 15

    (1) expression -> expression PLUS expression .
    (1) expression -> expression . PLUS expression
    (2) expression -> expression . MINUS expression
    (3) expression -> expression . TIMES expression
    (4) expression -> expression . DIVIDE expression
    (8) expression -> expression . EXPONENT expression
    (9) expression -> expression . MOD expression

    PLUS            reduce using rule 1 (expression -> expression PLUS expression .)
    MINUS           reduce using rule 1 (expression -> expression PLUS expression .)
    $end            reduce using rule 1 (expression -> expression PLUS expression .)
    RPAREN          reduce using rule 1 (expression -> expression PLUS expression .)
    TIMES           shift and go to state 8
    DIVIDE          shift and go to state 9
    EXPONENT        shift and go to state 10
    MOD             shift and go to state 11

  ! TIMES           [ reduce using rule 1 (expression -> expression PLUS expression .) ]
  ! DIVIDE          [ reduce using rule 1 (expression -> expression PLUS expression .) ]
  ! EXPONENT        [ reduce using rule 1 (expression -> expression PLUS expression .) ]
  ! MOD             [ reduce using rule 1 (expression -> expression PLUS expression .) ]
  ! PLUS            [ shift and go to state 6 ]
  ! MINUS           [ shift and go to state 7 ]


state 16

    (2) expression -> expression MINUS expression .
    (1) expression -> expression . PLUS expression
    (2) expression -> expression . MINUS expression
    (3) expression -> expression . TIMES expression
    (4) expression -> expression . DIVIDE expression
    (8) expression -> expression . EXPONENT expression
    (9) expression -> expression . MOD expression

    PLUS            reduce using rule 2 (expression -> expression MINUS expression .)
    MINUS           reduce using rule 2 (expression -> expression MINUS expression .)
    $end            reduce using rule 2 (expression -> expression MINUS expression .)
    RPAREN          reduce using rule 2 (expression -> expression MINUS expression .)
    TIMES           shift and go to state 8
    DIVIDE          shift and go to state 9
    EXPONENT        shift and go to state 10
    MOD             shift and go to state 11

  ! TIMES           [ reduce using rule 2 (expression -> expression MINUS expression .) ]
  ! DIVIDE          [ reduce using rule 2 (expression -> expression MINUS expression .) ]
  ! EXPONENT        [ reduce using rule 2 (expression -> expression MINUS expression .) ]
  ! MOD             [ reduce using rule 2 (expression -> expression MINUS expression .) ]
  ! PLUS            [ shift and go to state 6 ]
  ! MINUS           [ shift and go to state 7 ]


state 17

    (3) expression -> expression TIMES expression .
    (1) expression -> expression . PLUS expression
    (2) expression -> expression . MINUS expression
    (3) expression -> expression . TIMES expression
    (4) expression -> expression . DIVIDE expression
    (8) expression -> expression . EXPONENT expression
    (9) expression -> expression . MOD expression

    PLUS            reduce using rule 3 (expression -> expression TIMES expression .)
    MINUS           reduce using rule 3 (expression -> expression TIMES expression .)
    TIMES           reduce using rule 3 (expression -> expression TIMES expression .)
    DIVIDE          reduce using rule 3 (expression -> expression TIMES expression .)
    $end            reduce using rule 3 (expression -> expression TIMES expression .)
    RPAREN          reduce using rule 3 (expression -> expression TIMES expression .)
    EXPONENT        shift and go to state 10
    MOD             shift and go to state 11

  ! EXPONENT        [ reduce using rule 3 (expression -> expression TIMES expression .) ]
  ! MOD             [ reduce using rule 3 (expression -> expression TIMES expression .) ]
  ! PLUS            [ shift and go to state 6 ]
  ! MINUS           [ shift and go to state 7 ]
  ! TIMES           [ shift and go to state 8 ]
  ! DIVIDE          [ shift and go to state 9 ]


state 18

    (4) expression -> expression DIVIDE expression .
    (1) expression -> expression . PLUS expression
    (2) expression -> expression . MINUS expression
    (3) expression -> expression . TIMES expression
    (4) expression -> expression . DIVIDE expression
    (8) expression -> expression . EXPONENT expression
    (9) expression -> expression . MOD expression

    PLUS            reduce using rule 4 (expression -> expression DIVIDE expression .)
    MINUS           reduce using rule 4 (expression -> expression DIVIDE expression .)
    TIMES           reduce using rule 4 (expression -> expression DIVIDE expression .)
    DIVIDE          reduce using rule 4 (expression -> expression DIVIDE expression .)
    $end            reduce using rule 4 (expression -> expression DIVIDE expression .)
    RPAREN          reduce using rule 4 (expression -> expression DIVIDE expression .)
    EXPONENT        shift and go to state 10
    MOD             shift and go to state 11

  ! EXPONENT        [ reduce using rule 4 (expression -> expression DIVIDE expression .) ]
  ! MOD             [ reduce using rule 4 (expression -> expression DIVIDE expression .) ]
  ! PLUS            [ shift and go to state 6 ]
  ! MINUS           [ shift and go to state 7 ]
  ! TIMES           [ shift and go to state 8 ]
  ! DIVIDE          [ shift and go to state 9 ]


state 19

    (8) expression -> expression EXPONENT expression .
    (1) expression -> expression . PLUS expression
    (2) expression -> expression . MINUS expression
    (3) expression -> expression . TIMES expression
    (4) expression -> expression . DIVIDE expression
    (8) expression -> expression . EXPONENT expression
    (9) expression -> expression . MOD expression

    PLUS            reduce using rule 8 (expression -> expression EXPONENT expression .)
    MINUS           reduce using rule 8 (expression -> expression EXPONENT expression .)
    TIMES           reduce using rule 8 (expression -> expression EXPONENT expression .)
    DIVIDE          reduce using rule 8 (expression -> expression EXPONENT expression .)
    EXPONENT        reduce using rule 8 (expression -> expression EXPONENT expression .)
    $end            reduce using rule 8 (expression -> expression EXPONENT expression .)
    RPAREN          reduce using rule 8 (expression -> expression EXPONENT expression .)
    MOD             shift and go to state 11

  ! MOD             [ reduce using rule 8 (expression -> expression EXPONENT expression .) ]
  ! PLUS            [ shift and go to state 6 ]
  ! MINUS           [ shift and go to state 7 ]
  ! TIMES           [ shift and go to state 8 ]
  ! DIVIDE          [ shift and go to state 9 ]
  ! EXPONENT        [ shift and go to state 10 ]


state 20

    (9) expression -> expression MOD expression .
    (1) expression -> expression . PLUS expression
    (2) expression -> expression . MINUS expression
    (3) expression -> expression . TIMES expression
    (4) expression -> expression . DIVIDE expression
    (8) expression -> expression . EXPONENT expression
    (9) expression -> expression . MOD expression

    PLUS            reduce using rule 9 (expression -> expression MOD expression .)
    MINUS           reduce using rule 9 (expression -> expression MOD expression .)
    TIMES           reduce using rule 9 (expression -> expression MOD expression .)
    DIVIDE          reduce using rule 9 (expression -> expression MOD expression .)
    EXPONENT        reduce using rule 9 (expression -> expression MOD expression .)
    MOD             reduce using rule 9 (expression -> expression MOD expression .)
    $end            reduce using rule 9 (expression -> expression MOD expression .)
    RPAREN          reduce using rule 9 (expression -> expression MOD expression .)

  ! PLUS            [ shift and go to state 6 ]
  ! MINUS           [ shift and go to state 7 ]
  ! TIMES           [ shift and go to state 8 ]
  ! DIVIDE          [ shift and go to state 9 ]
  ! EXPONENT        [ shift and go to state 10 ]
  ! MOD             [ shift and go to state 11 ]


state 21

    (6) expression -> LPAREN expression RPAREN .

    PLUS            reduce using rule 6 (expression -> LPAREN expression RPAREN .)
    MINUS           reduce using rule 6 (expression -> LPAREN expression RPAREN .)
    TIMES           reduce using rule 6 (expression -> LPAREN expression RPAREN .)
    DIVIDE          reduce using rule 6 (expression -> LPAREN expression RPAREN .)
    EXPONENT        reduce using rule 6 (expression -> LPAREN expression RPAREN .)
    MOD             reduce using rule 6 (expression -> LPAREN expression RPAREN .)
    $end            reduce using rule 6 (expression -> LPAREN expression RPAREN .)
    RPAREN          reduce using rule 6 (expression -> LPAREN expression RPAREN .)


state 22

    (10) expression -> SQRT LPAREN expression . RPAREN
    (1) expression -> expression . PLUS expression
    (2) expression -> expression . MINUS expression
    (3) expression -> expression . TIMES expression
    (4) expression -> expression . DIVIDE expression
    (8) expression -> expression . EXPONENT expression
    (9) expression -> expression . MOD expression

    RPAREN          shift and go to state 23
    PLUS            shift and go to state 6
    MINUS           shift and go to state 7
    TIMES           shift and go to state 8
    DIVIDE          shift and go to state 9
    EXPONENT        shift and go to state 10
    MOD             shift and go to state 11


state 23

    (10) expression -> SQRT LPAREN expression RPAREN .

    PLUS            reduce using rule 10 (expression -> SQRT LPAREN expression RPAREN .)
    MINUS           reduce using rule 10 (expression -> SQRT LPAREN expression RPAREN .)
    TIMES           reduce using rule 10 (expression -> SQRT LPAREN expression RPAREN .)
    DIVIDE          reduce using rule 10 (expression -> SQRT LPAREN expression RPAREN .)
    EXPONENT        reduce using rule 10 (expression -> SQRT LPAREN expression RPAREN .)
    MOD             reduce using rule 10 (expression -> SQRT LPAREN expression RPAREN .)
    $end            reduce using rule 10 (expression -> SQRT LPAREN expression RPAREN .)
    RPAREN          reduce using rule 10 (expression -> SQRT LPAREN expression RPAREN .)

